This is e-pTeX, Version 3.14159265-p3.8.3-191112-2.6 (utf8.sjis) (TeX Live 2020/W32TeX) (preloaded format=platex 2020.6.19)  8 MAY 2024 13:48
entering extended mode
 restricted \write18 enabled.
 %&-line parsing enabled.
**x
(c:/TeX/texmf-dist/tex/latex/tools/x.tex
pLaTeX2e <2020-02-02>+3 (based on LaTeX2e <2020-02-02> patch level 5)
L3 programming layer <2020-03-06>
! .
l.38   \batchmode \errmessage{}
                               \csname @@end\endcsname \end
This error message was generated by an \errmessage
command, so I can't give any explicit help.
Pretend that you're Hercule Poirot: Examine all clues,
and deduce the truth by order and method.

 ) 
Here is how much of TeX's memory you used:
 17 strings out of 481140
 383 string characters out of 5924191
 239379 words of memory out of 5000000
 16157 multiletter control sequences out of 15000+600000
 536209 words of font info for 41 fonts, out of 8000000 for 9000
 929 hyphenation exceptions out of 8191
 13i,0n,15p,81b,10s stack positions out of 5000i,500n,10000p,200000b,80000s

No pages of output.
